Build started 2016/6/14 18:00:41.
     1>Project "D:\prestudy\puppet\puppet\puppet_I64\puppet_I64.vcxproj" on node 2 (rebuild target(s)).
     1>_PrepareForClean:
         Deleting file "Debug\pt_opt_win64.lastbuildstate".
       InitializeBuildStatus:
         Touching "Debug\pt_opt_win64.unsuccessfulbuild".
       ClCompile:
         C:\Program Files (x86)\Microsoft Visual Studio 10.0\VC\bin\CL.exe /c /ZI /nologo /W3 /WX- /Od /Oy- /D WIN32 /D _DEBUG /D _CONSOLE /D _UNICODE /D UNICODE /Gm /EHsc /RTC1 /MTd /GS /fp:precise /Zc:wchar_t /Zc:forScope /Yc"StdAfx.h" /Fp"Debug\pt_opt_win64.pch" /Fo"Debug\\" /Fd"Debug\vc100.pdb" /Gd /TP /analyze- /errorReport:prompt stdafx.cpp
         stdafx.cpp
         C:\Program Files (x86)\Microsoft Visual Studio 10.0\VC\bin\CL.exe /c /ZI /nologo /W3 /WX- /Od /Oy- /D WIN32 /D _DEBUG /D _CONSOLE /D _UNICODE /D UNICODE /Gm /EHsc /RTC1 /MTd /GS /fp:precise /Zc:wchar_t /Zc:forScope /Yu"StdAfx.h" /Fp"Debug\pt_opt_win64.pch" /Fo"Debug\\" /Fd"Debug\vc100.pdb" /Gd /TP /analyze- /errorReport:prompt Fp_CommonFile.cpp Fp_ShellLoader.cpp ProcessUtil.cpp puppet.cpp
         puppet.cpp
         ProcessUtil.cpp
     1>d:\prestudy\puppet\puppet\puppet_i64\processutil.cpp(234): warning C4996: 'wcsicmp': The POSIX name for this item is deprecated. Instead, use the ISO C++ conformant name: _wcsicmp. See online help for details.
                 c:\program files (x86)\microsoft visual studio 10.0\vc\include\wchar.h(1095) : see declaration of 'wcsicmp'
         Fp_ShellLoader.cpp
     1>d:\prestudy\puppet\puppet\puppet_i64\fp_shellloader.cpp(78): warning C4244: 'argument' : conversion from 'DWORD64' to 'unsigned long', possible loss of data
     1>d:\prestudy\puppet\puppet\puppet_i64\fp_shellloader.cpp(81): warning C4244: 'argument' : conversion from 'DWORD64' to 'SIZE_T', possible loss of data
     1>d:\prestudy\puppet\puppet\puppet_i64\fp_shellloader.cpp(87): warning C4244: 'argument' : conversion from 'DWORD64' to 'SIZE_T', possible loss of data
     1>d:\prestudy\puppet\puppet\puppet_i64\fp_shellloader.cpp(98): error C2039: 'Rcx' : is not a member of '_CONTEXT'
                 c:\program files (x86)\microsoft sdks\windows\v7.0a\include\winnt.h(4193) : see declaration of '_CONTEXT'
     1>d:\prestudy\puppet\puppet\puppet_i64\fp_shellloader.cpp(100): error C2039: 'Rcx' : is not a member of '_CONTEXT'
                 c:\program files (x86)\microsoft sdks\windows\v7.0a\include\winnt.h(4193) : see declaration of '_CONTEXT'
         Fp_CommonFile.cpp
     1>d:\prestudy\puppet\puppet\puppet_i64\fp_commonfile.cpp(324): warning C4996: 'fopen': This function or variable may be unsafe. Consider using fopen_s instead. To disable deprecation, use _CRT_SECURE_NO_WARNINGS. See online help for details.
                 c:\program files (x86)\microsoft visual studio 10.0\vc\include\stdio.h(234) : see declaration of 'fopen'
     1>d:\prestudy\puppet\puppet\puppet_i64\fp_commonfile.cpp(345): warning C4996: 'swprintf': swprintf has been changed to conform with the ISO C standard, adding an extra character count parameter. To use traditional Microsoft swprintf, set _CRT_NON_CONFORMING_SWPRINTFS.
                 c:\program files (x86)\microsoft visual studio 10.0\vc\include\swprintf.inl(85) : see declaration of 'swprintf'
         Generating Code...
     1>Done Building Project "D:\prestudy\puppet\puppet\puppet_I64\puppet_I64.vcxproj" (rebuild target(s)) -- FAILED.

Build FAILED.

Time Elapsed 00:00:01.71
